2016-2-23 14:42:37 org.apache.catalina.core.AprLifecycleListener init
信息: The APR based Apache Tomcat Native library which allows optimal performance in production environments was not found on the java.library.path: C:\Program Files\Java\jdk1.6.0_45\bin;C:\Windows\Sun\Java\bin;C:\Windows\system32;C:\Windows;%JAVA_HOME%\bin;C:\Program Files (x86)\Common Files\NetSarang;C:\MinGW\bin;C:\Presagis\Vega_Prime_2_2_1_VC8\bin\trackd;C:\Presagis\Vega_Prime_2_2_1_VC8\bin;C:\Program Files (x86)\apache-maven-3.2.1\bin;c:\app\cy\product\11.2.0\client_1\bin;c:\app\cy\product\11.2.0\dbhome_1\bin;C:\Program Files\Broadcom\Broadcom 802.11 Network Adapter\Driver;C:\PROGRAM FILES (X86)\NVIDIA CORPORATION\PHYSX\COMMON;C:\Windows\SYSTEM32;C:\Windows;C:\Windows\SYSTEM32\WBEM;C:\Windows\SYSTEM32\WINDOWSPOWERSHELL\V1.0\;C:\Program Files\WIDCOMM\Bluetooth Software\;C:\Program Files\WIDCOMM\Bluetooth Software\syswow64;C:\Program Files (x86)\OpenVPN\bin;C:\Program Files (x86)\Microsoft SQL Server\100\Tools\Binn\;C:\Program Files\Microsoft SQL Server\100\Tools\Binn\;C:\Program Files\Microsoft SQL Server\100\DTS\Binn\;C:\Program Files (x86)\MySQL\MySQL Server 5.0\bin;D:\Workspaces\huawei\BoxServer;C;C:\boost_1_58_0\stage\lib;C:\Program Files (x86)\apache-maven-3.2.1\bin;C:\Program Files\VanDyke Software\Clients\;C:\Program Files (x86)\MySQL\MySQL Fabric 1.5.4 & MySQL Utilities 1.5.4 1.5\;C:\Program Files (x86)\MySQL\MySQL Fabric 1.5.4 & MySQL Utilities 1.5.4 1.5\Doctrine extensions for PHP\;C:\Program Files (x86)\SSH Communications Security\SSH Secure Shell;.
2016-2-23 14:42:37 org.apache.coyote.AbstractProtocol init
信息: Initializing ProtocolHandler ["http-bio-8080"]
2016-2-23 14:42:37 org.apache.coyote.AbstractProtocol init
信息: Initializing ProtocolHandler ["ajp-bio-8009"]
2016-2-23 14:42:37 org.apache.catalina.startup.Catalina load
信息: Initialization processed in 452 ms
2016-2-23 14:42:37 org.apache.catalina.core.StandardService startInternal
信息: Starting service Catalina
2016-2-23 14:42:37 org.apache.catalina.core.StandardEngine startInternal
信息: Starting Servlet Engine: Apache Tomcat/@VERSION@
2016-2-23 14:42:37 org.apache.catalina.startup.HostConfig deployDirectory
信息: Deploying web application directory D:\github\Tomcat 7.0\catalina-home\webapps\docs
2016-2-23 14:42:37 org.apache.catalina.startup.HostConfig deployDirectory
信息: Deploying web application directory D:\github\Tomcat 7.0\catalina-home\webapps\examples
2016-2-23 14:42:38 org.apache.catalina.startup.HostConfig deployDirectory
信息: Deploying web application directory D:\github\Tomcat 7.0\catalina-home\webapps\host-manager
2016-2-23 14:42:38 org.apache.catalina.startup.HostConfig deployDirectory
信息: Deploying web application directory D:\github\Tomcat 7.0\catalina-home\webapps\manager
2016-2-23 14:42:38 org.apache.catalina.startup.HostConfig deployDirectory
信息: Deploying web application directory D:\github\Tomcat 7.0\catalina-home\webapps\ROOT
2016-2-23 14:42:38 org.apache.coyote.AbstractProtocol start
信息: Starting ProtocolHandler ["http-bio-8080"]
2016-2-23 14:42:38 org.apache.coyote.AbstractProtocol start
信息: Starting ProtocolHandler ["ajp-bio-8009"]
2016-2-23 14:42:38 org.apache.catalina.startup.Catalina start
信息: Server startup in 970 ms
2016-2-23 15:01:23 org.apache.catalina.core.AprLifecycleListener init
信息: The APR based Apache Tomcat Native library which allows optimal performance in production environments was not found on the java.library.path: C:\Program Files\Java\jdk1.6.0_45\bin;C:\Windows\Sun\Java\bin;C:\Windows\system32;C:\Windows;%JAVA_HOME%\bin;C:\Program Files (x86)\Common Files\NetSarang;C:\MinGW\bin;C:\Presagis\Vega_Prime_2_2_1_VC8\bin\trackd;C:\Presagis\Vega_Prime_2_2_1_VC8\bin;C:\Program Files (x86)\apache-maven-3.2.1\bin;c:\app\cy\product\11.2.0\client_1\bin;c:\app\cy\product\11.2.0\dbhome_1\bin;C:\Program Files\Broadcom\Broadcom 802.11 Network Adapter\Driver;C:\PROGRAM FILES (X86)\NVIDIA CORPORATION\PHYSX\COMMON;C:\Windows\SYSTEM32;C:\Windows;C:\Windows\SYSTEM32\WBEM;C:\Windows\SYSTEM32\WINDOWSPOWERSHELL\V1.0\;C:\Program Files\WIDCOMM\Bluetooth Software\;C:\Program Files\WIDCOMM\Bluetooth Software\syswow64;C:\Program Files (x86)\OpenVPN\bin;C:\Program Files (x86)\Microsoft SQL Server\100\Tools\Binn\;C:\Program Files\Microsoft SQL Server\100\Tools\Binn\;C:\Program Files\Microsoft SQL Server\100\DTS\Binn\;C:\Program Files (x86)\MySQL\MySQL Server 5.0\bin;D:\Workspaces\huawei\BoxServer;C;C:\boost_1_58_0\stage\lib;C:\Program Files (x86)\apache-maven-3.2.1\bin;C:\Program Files\VanDyke Software\Clients\;C:\Program Files (x86)\MySQL\MySQL Fabric 1.5.4 & MySQL Utilities 1.5.4 1.5\;C:\Program Files (x86)\MySQL\MySQL Fabric 1.5.4 & MySQL Utilities 1.5.4 1.5\Doctrine extensions for PHP\;C:\Program Files (x86)\SSH Communications Security\SSH Secure Shell;.
2016-2-23 15:01:24 org.apache.coyote.AbstractProtocol init
信息: Initializing ProtocolHandler ["http-bio-8080"]
2016-2-23 15:01:24 org.apache.coyote.AbstractProtocol init
信息: Initializing ProtocolHandler ["ajp-bio-8009"]
2016-2-23 15:01:24 org.apache.catalina.startup.Catalina load
信息: Initialization processed in 2141 ms
2016-2-23 15:01:24 org.apache.catalina.core.StandardService startInternal
信息: Starting service Catalina
2016-2-23 15:01:24 org.apache.catalina.core.StandardEngine startInternal
信息: Starting Servlet Engine: Apache Tomcat/@VERSION@
2016-2-23 15:01:24 org.apache.catalina.startup.HostConfig deployDirectory
信息: Deploying web application directory D:\github\Tomcat 7.0\catalina-home\webapps\docs
2016-2-23 15:01:25 org.apache.catalina.startup.HostConfig deployDirectory
信息: Deploying web application directory D:\github\Tomcat 7.0\catalina-home\webapps\examples
2016-2-23 15:01:26 org.apache.catalina.startup.HostConfig deployDirectory
信息: Deploying web application directory D:\github\Tomcat 7.0\catalina-home\webapps\host-manager
2016-2-23 15:01:26 org.apache.catalina.startup.HostConfig deployDirectory
信息: Deploying web application directory D:\github\Tomcat 7.0\catalina-home\webapps\manager
2016-2-23 15:01:26 org.apache.catalina.startup.HostConfig deployDirectory
信息: Deploying web application directory D:\github\Tomcat 7.0\catalina-home\webapps\ROOT
2016-2-23 15:01:26 org.apache.coyote.AbstractProtocol start
信息: Starting ProtocolHandler ["http-bio-8080"]
2016-2-23 15:01:26 org.apache.coyote.AbstractProtocol start
信息: Starting ProtocolHandler ["ajp-bio-8009"]
2016-2-23 15:01:26 org.apache.catalina.startup.Catalina start
信息: Server startup in 2176 ms
